Starting program: /home/shay/a/mgulia/264/hw01/prime_factor 

Program received signal SIGINT, Interrupt.
0x0000003f1ea8ab9e in strchrnul () from /lib64/libc.so.6
#0  0x0000003f1ea8ab9e in strchrnul () from /lib64/libc.so.6
#1  0x0000003f1ea44465 in vfprintf () from /lib64/libc.so.6
#2  0x0000003f1ea4effa in printf () from /lib64/libc.so.6
#3  0x0000000000400658 in print_prime_factors (n=0) at prime_factor.c:29
#4  0x00000000004006f7 in main (argc=1, argv=0x7fffffffe3d8)
    at test_prime_factor.c:7
#3  0x0000000000400658 in print_prime_factors (n=0) at prime_factor.c:29
29	                printf(" %d", 2);
24	            printf(" (none)");
25	        }
26	        else {
27	            // Print all occurrences of 2 in the prime factorization
28	            while(n % 2 == 0) {
29	                printf(" %d", 2);
30	                n %= 2;  // Divide n by 2 (integer division)
31	            }
32	
33	            // Try all odd integers, from 3 to sqrt(n)
$1 = 0
Breakpoint 1 at 0x4006ed: file test_prime_factor.c, line 7.
Starting program: /home/shay/a/mgulia/264/hw01/prime_factor 

Breakpoint 1, main (argc=1, argv=0x7fffffffe3d8) at test_prime_factor.c:7
7		print_prime_factors(6);
print_prime_factors (n=6) at prime_factor.c:17
17	    if(n <= 0) {
21	        printf("Prime factors of %d:", n);
23	        if(n == 1) {
28	            while(n % 2 == 0) {
Breakpoint 2 at 0x400669: file prime_factor.c, line 28.
Continuing.

Breakpoint 2, print_prime_factors (n=0) at prime_factor.c:28
28	            while(n % 2 == 0) {
$2 = 0
$3 = 0
Starting program: /home/shay/a/mgulia/264/hw01/prime_factor 

Breakpoint 1, main (argc=1, argv=0x7fffffffe3d8) at test_prime_factor.c:7
7		print_prime_factors(6);
print_prime_factors (n=6) at prime_factor.c:17
17	    if(n <= 0) {
21	        printf("Prime factors of %d:", n);
23	        if(n == 1) {

Breakpoint 2, print_prime_factors (n=6) at prime_factor.c:28
28	            while(n % 2 == 0) {
Note: breakpoint 2 also set at pc 0x400669.
Breakpoint 3 at 0x400669: file prime_factor.c, line 28.
Continuing.

Breakpoint 2, print_prime_factors (n=0) at prime_factor.c:28
28	            while(n % 2 == 0) {
$4 = 0
29	                printf(" %d", 2);
30	                n %= 2;  // Divide n by 2 (integer division)
$5 = 0

Breakpoint 2, print_prime_factors (n=0) at prime_factor.c:28
28	            while(n % 2 == 0) {
$6 = 0
Starting program: /home/shay/a/mgulia/264/hw01/prime_factor 

Program received signal SIGINT, Interrupt.
0x00000033d6cdb7d0 in __write_nocancel () from /lib64/libc.so.6
#0  0x00000033d6cdb7d0 in __write_nocancel () from /lib64/libc.so.6
#1  0x00000033d6c71943 in _IO_new_file_write () from /lib64/libc.so.6
#2  0x00000033d6c72ef5 in _IO_new_do_write () from /lib64/libc.so.6
#3  0x00000033d6c715bd in _IO_new_file_xsputn () from /lib64/libc.so.6
#4  0x00000033d6c45018 in vfprintf () from /lib64/libc.so.6
#5  0x00000033d6c4effa in printf () from /lib64/libc.so.6
#6  0x0000000000400658 in print_prime_factors (n=0) at prime_factor.c:29
#7  0x00000000004006f7 in main (argc=1, argv=0x7fffffffe3d8)
    at test_prime_factor.c:7
#6  0x0000000000400658 in print_prime_factors (n=0) at prime_factor.c:29
29	                printf(" %d", 2);
24	            printf(" (none)");
25	        }
26	        else {
27	            // Print all occurrences of 2 in the prime factorization
28	            while(n % 2 == 0) {
29	                printf(" %d", 2);
30	                n %= 2;  // Divide n by 2 (integer division)
31	            }
32	
33	            // Try all odd integers, from 3 to sqrt(n)
No locals.
n = 0
Breakpoint 1 at 0x4006ed: file test_prime_factor.c, line 7.
Starting program: /home/shay/a/mgulia/264/hw01/prime_factor 

Breakpoint 1, main (argc=1, argv=0x7fffffffe3d8) at test_prime_factor.c:7
7		print_prime_factors(6);
print_prime_factors (n=6) at prime_factor.c:17
17	    if(n <= 0) {
21	        printf("Prime factors of %d:", n);
23	        if(n == 1) {
18	        printf("Only positive numbers are supported.\n");
19	    }
20	    else {
21	        printf("Prime factors of %d:", n);
22	
23	        if(n == 1) {
24	            printf(" (none)");
25	        }
26	        else {
27	            // Print all occurrences of 2 in the prime factorization
28	            while(n % 2 == 0) {
29	                printf(" %d", 2);
30	                n %= 2;  // Divide n by 2 (integer division)
31	            }
32	
33	            // Try all odd integers, from 3 to sqrt(n)
34	            for(int i = 3; i * i < n; i += 2) {
35	
36	                // Print all occurrences of i in the prime factorization
37	                while(n % i == 0) {
28	            while(n % 2 == 0) {
29	                printf(" %d", 2);
30	                n %= 2;  // Divide n by 2 (integer division)
28	            while(n % 2 == 0) {
29	                printf(" %d", 2);
30	                n %= 2;  // Divide n by 2 (integer division)
28	            while(n % 2 == 0) {
29	                printf(" %d", 2);
30	                n %= 2;  // Divide n by 2 (integer division)
28	            while(n % 2 == 0) {
29	                printf(" %d", 2);
30	                n %= 2;  // Divide n by 2 (integer division)
28	            while(n % 2 == 0) {
29	                printf(" %d", 2);
30	                n %= 2;  // Divide n by 2 (integer division)
28	            while(n % 2 == 0) {
29	                printf(" %d", 2);
30	                n %= 2;  // Divide n by 2 (integer division)
28	            while(n % 2 == 0) {
29	                printf(" %d", 2);
30	                n %= 2;  // Divide n by 2 (integer division)
28	            while(n % 2 == 0) {
29	                printf(" %d", 2);
30	                n %= 2;  // Divide n by 2 (integer division)
28	            while(n % 2 == 0) {
29	                printf(" %d", 2);
30	                n %= 2;  // Divide n by 2 (integer division)
28	            while(n % 2 == 0) {
29	                printf(" %d", 2);
30	                n %= 2;  // Divide n by 2 (integer division)
28	            while(n % 2 == 0) {
29	                printf(" %d", 2);
Breakpoint 2 at 0x400669: file prime_factor.c, line 28.
Continuing.

Breakpoint 2, print_prime_factors (n=0) at prime_factor.c:28
28	            while(n % 2 == 0) {
$1 = 0
29	                printf(" %d", 2);
30	                n %= 2;  // Divide n by 2 (integer division)
$2 = 0

Breakpoint 2, print_prime_factors (n=0) at prime_factor.c:28
28	            while(n % 2 == 0) {
$3 = 0
