Breakpoint 1 at 0x400601: file prime_factor.c, line 17.
Starting program: /home/shay/a/mgulia/264/hw01/prime_factor 

Breakpoint 1, print_prime_factors (n=6) at prime_factor.c:17
17	    if(n <= 0) {
Continuing.

Breakpoint 1, print_prime_factors (n=1) at prime_factor.c:17
17	    if(n <= 0) {
Continuing.

Breakpoint 1, print_prime_factors (n=0) at prime_factor.c:17
17	    if(n <= 0) {
Continuing.

Breakpoint 1, print_prime_factors (n=48) at prime_factor.c:17
17	    if(n <= 0) {
Continuing.

Breakpoint 1, print_prime_factors (n=49) at prime_factor.c:17
17	    if(n <= 0) {
Continuing.

Breakpoint 1, print_prime_factors (n=74) at prime_factor.c:17
17	    if(n <= 0) {
Continuing.
[Inferior 1 (process 37168) exited normally]
The program is not being run.
The program is not being run.
Starting program: /home/shay/a/mgulia/264/hw01/prime_factor 

Breakpoint 1, print_prime_factors (n=6) at prime_factor.c:17
17	    if(n <= 0) {
Continuing.

Breakpoint 1, print_prime_factors (n=1) at prime_factor.c:17
17	    if(n <= 0) {
Continuing.

Breakpoint 1, print_prime_factors (n=0) at prime_factor.c:17
17	    if(n <= 0) {
Continuing.

Breakpoint 1, print_prime_factors (n=48) at prime_factor.c:17
17	    if(n <= 0) {
Continuing.

Breakpoint 1, print_prime_factors (n=49) at prime_factor.c:17
17	    if(n <= 0) {
21	        printf("Prime factors of %d:", n);
23	        if(n == 1) {
28	            while(n % 2 == 0) {
34	            for(int i = 3; i * i < n; i += 2) {
Starting program: /home/shay/a/mgulia/264/hw01/prime_factor 

Breakpoint 1, print_prime_factors (n=6) at prime_factor.c:17
17	    if(n <= 0) {
Continuing.

Breakpoint 1, print_prime_factors (n=1) at prime_factor.c:17
17	    if(n <= 0) {
Continuing.

Breakpoint 1, print_prime_factors (n=0) at prime_factor.c:17
17	    if(n <= 0) {
Continuing.

Breakpoint 1, print_prime_factors (n=48) at prime_factor.c:17
17	    if(n <= 0) {
Continuing.

Breakpoint 1, print_prime_factors (n=49) at prime_factor.c:17
17	    if(n <= 0) {
21	        printf("Prime factors of %d:", n);
23	        if(n == 1) {
28	            while(n % 2 == 0) {
34	            for(int i = 3; i * i < n; i += 2) {
Undefined command: "ls".  Try "help".
Undefined command: "1s".  Try "help".
Function "print_prime_factors()" not defined.
Function "print_prime_factor" not defined.
Function "prime_prime_factors" not defined.
Breakpoint 1 at 0x400601: file prime_factor.c, line 17.
Starting program: /home/shay/a/mgulia/264/hw01/prime_factor 

Breakpoint 1, print_prime_factors (n=6) at prime_factor.c:17
17	    if(n <= 0) {
Continuing.

Breakpoint 1, print_prime_factors (n=1) at prime_factor.c:17
17	    if(n <= 0) {
Continuing.

Breakpoint 1, print_prime_factors (n=0) at prime_factor.c:17
17	    if(n <= 0) {
Continuing.

Breakpoint 1, print_prime_factors (n=48) at prime_factor.c:17
17	    if(n <= 0) {
Continuing.

Breakpoint 1, print_prime_factors (n=49) at prime_factor.c:17
17	    if(n <= 0) {
Continuing.

Breakpoint 1, print_prime_factors (n=74) at prime_factor.c:17
17	    if(n <= 0) {
Starting program: /home/shay/a/mgulia/264/hw01/prime_factor 

Breakpoint 1, print_prime_factors (n=6) at prime_factor.c:17
17	    if(n <= 0) {
Continuing.

Breakpoint 1, print_prime_factors (n=1) at prime_factor.c:17
17	    if(n <= 0) {
Continuing.

Breakpoint 1, print_prime_factors (n=0) at prime_factor.c:17
17	    if(n <= 0) {
Continuing.

Breakpoint 1, print_prime_factors (n=48) at prime_factor.c:17
17	    if(n <= 0) {
Continuing.

Breakpoint 1, print_prime_factors (n=49) at prime_factor.c:17
17	    if(n <= 0) {
21	        printf("Prime factors of %d:", n);
23	        if(n == 1) {
28	            while(n % 2 == 0) {
34	            for(int i = 3; i * i < n; i += 2) {
37	                while(n % i == 0) {
34	            for(int i = 3; i * i < n; i += 2) {
43	            if(n >= 3) {
44	                printf(" %d", n);
47	        printf("\n");
49	}
main (argc=1, argv=0x7fffffffe3d8) at test_prime_factor.c:12
12		print_prime_factors(74); // 2 37

Breakpoint 1, print_prime_factors (n=74) at prime_factor.c:17
17	    if(n <= 0) {
21	        printf("Prime factors of %d:", n);
23	        if(n == 1) {
28	            while(n % 2 == 0) {
34	            for(int i = 3; i * i < n; i += 2) {
37	                while(n % i == 0) {
34	            for(int i = 3; i * i < n; i += 2) {
37	                while(n % i == 0) {
34	            for(int i = 3; i * i < n; i += 2) {
43	            if(n >= 3) {
44	                printf(" %d", n);
47	        printf("\n");
49	}
main (argc=1, argv=0x7fffffffe3d8) at test_prime_factor.c:14
14		return EXIT_SUCCESS;
15	}
0x00000033d6c1ed1d in __libc_start_main () from /lib64/libc.so.6
Single stepping until exit from function __libc_start_main,
which has no line number information.
[Inferior 1 (process 3273) exited normally]
The program is not being run.
Starting program: /home/shay/a/mgulia/264/hw01/prime_factor 

Breakpoint 1, print_prime_factors (n=6) at prime_factor.c:17
17	    if(n <= 0) {
Continuing.

Breakpoint 1, print_prime_factors (n=1) at prime_factor.c:17
17	    if(n <= 0) {
Continuing.

Breakpoint 1, print_prime_factors (n=0) at prime_factor.c:17
17	    if(n <= 0) {
Continuing.

Breakpoint 1, print_prime_factors (n=48) at prime_factor.c:17
17	    if(n <= 0) {
Continuing.

Breakpoint 1, print_prime_factors (n=49) at prime_factor.c:17
17	    if(n <= 0) {
21	        printf("Prime factors of %d:", n);
23	        if(n == 1) {
28	            while(n % 2 == 0) {
34	            for(int i = 3; i * i < n; i += 2) {
37	                while(n % i == 0) {
34	            for(int i = 3; i * i < n; i += 2) {
Undefined command: "ls".  Try "help".
